{"level":["info"],"timestamp":"14:12:2023|15:12:89","exception":false,"message":"MongoDB connected"}
{"level":["info"],"timestamp":"14:12:2023|16:12:66","exception":false,"message":"MongoDB connected"}
{"level":["warn"],"timestamp":"14:12:2023|16:12:40","exception":false,"message":"MongoDB Disconnecting"}
{"level":["warn"],"timestamp":"14:12:2023|16:12:43","exception":false,"message":"MongoDB Disconnected"}
{"level":["info"],"timestamp":"14:12:2023|18:12:59","exception":false,"message":"MongoDB connected"}
{"level":["info"],"timestamp":"14:12:2023|18:12:62","exception":false,"message":"MongoDB connected"}
{"level":["info"],"timestamp":"14:12:2023|18:12:42","exception":false,"message":"MongoDB connected"}
{"level":["info"],"timestamp":"14:12:2023|18:12:58","exception":false,"message":"MongoDB connected"}
{"level":["info"],"timestamp":"14:12:2023|18:12:48","exception":false,"message":"MongoDB connected"}
{"level":["info"],"timestamp":"14:12:2023|18:12:49","exception":false,"message":"MongoDB connected"}
{"level":["info"],"timestamp":"14:12:2023|18:12:100","exception":false,"message":"MongoDB connected"}
{"level":["info"],"timestamp":"14:12:2023|18:12:30","exception":false,"message":"MongoDB connected"}
{"level":["info"],"timestamp":"14:12:2023|18:12:08","exception":false,"message":"MongoDB connected"}
{"level":["info"],"timestamp":"14:12:2023|18:12:25","exception":false,"message":"MongoDB connected"}
{"level":["info"],"timestamp":"14:12:2023|18:12:82","exception":false,"message":"MongoDB connected"}
{"level":["warn"],"timestamp":"14:12:2023|18:12:42","exception":false,"message":"MongoDB Disconnecting"}
{"level":["warn"],"timestamp":"14:12:2023|18:12:44","exception":false,"message":"MongoDB Disconnected"}
{"level":["info"],"timestamp":"14:12:2023|18:12:23","exception":false,"message":"MongoDB connected"}
{"level":["info"],"timestamp":"14:12:2023|18:12:27","exception":false,"message":"MongoDB connected"}
{"level":["info"],"timestamp":"14:12:2023|18:12:02","exception":false,"message":"MongoDB connected"}
{"level":["info"],"timestamp":"14:12:2023|18:12:64","exception":false,"message":"MongoDB connected"}
{"level":["error"],"timestamp":"14:12:2023|18:12:49","exception":false,"message":"Cannot read properties of null (reading 'name')"}
{"level":["error"],"timestamp":"14:12:2023|18:12:49","exception":false,"message":"ADD_LANGUAGE"}
{"level":["info"],"timestamp":"14:12:2023|18:12:51","exception":false,"message":"MongoDB connected"}
{"level":["info"],"timestamp":"14:12:2023|18:12:28","exception":false,"message":"MongoDB connected"}
{"level":["warn"],"timestamp":"14:12:2023|18:12:13","exception":false,"message":"MongoDB Disconnecting"}
{"level":["warn"],"timestamp":"14:12:2023|18:12:14","exception":false,"message":"MongoDB Disconnected"}
