{"level":["info"],"timestamp":"25:10:2023|09:10:72","exception":false,"message":"MongoDB connected"}
{"level":["info"],"timestamp":"25:10:2023|09:10:54","exception":false,"message":"MongoDB connected"}
{"level":["info"],"timestamp":"25:10:2023|09:10:50","exception":false,"message":"MongoDB connected"}
{"level":["info"],"timestamp":"25:10:2023|09:10:17","exception":false,"message":"MongoDB connected"}
{"level":["error"],"timestamp":"25:10:2023|10:10:77","exception":false,"message":"TOKEN_VERIFY"}
{"level":["info"],"timestamp":"25:10:2023|10:10:53","exception":false,"message":"MongoDB connected"}
{"level":["info"],"timestamp":"25:10:2023|10:10:18","exception":false,"message":"MongoDB connected"}
{"level":["info"],"timestamp":"25:10:2023|10:10:08","exception":false,"message":"MongoDB connected"}
{"level":["info"],"timestamp":"25:10:2023|10:10:78","exception":false,"message":"MongoDB connected"}
{"level":["info"],"timestamp":"25:10:2023|10:10:35","exception":false,"message":"MongoDB connected"}
{"level":["error"],"timestamp":"25:10:2023|10:10:61","exception":false,"message":"Cast to ObjectId failed for value \"{ _id: undefined }\" (type Object) at path \"_id\" for model \"keys\""}
{"level":["error"],"timestamp":"25:10:2023|10:10:61","exception":false,"message":"GET_WEBSITE_DATA"}
{"level":["info"],"timestamp":"25:10:2023|10:10:03","exception":false,"message":"MongoDB connected"}
{"level":["info"],"timestamp":"25:10:2023|10:10:27","exception":false,"message":"MongoDB connected"}
{"level":["info"],"timestamp":"25:10:2023|10:10:57","exception":false,"message":"MongoDB connected"}
{"level":["info"],"timestamp":"25:10:2023|10:10:99","exception":false,"message":"MongoDB connected"}
{"level":["info"],"timestamp":"25:10:2023|10:10:88","exception":false,"message":"MongoDB connected"}
{"level":["info"],"timestamp":"25:10:2023|10:10:99","exception":false,"message":"MongoDB connected"}
{"level":["info"],"timestamp":"25:10:2023|10:10:70","exception":false,"message":"MongoDB connected"}
{"level":["info"],"timestamp":"25:10:2023|10:10:72","exception":false,"message":"MongoDB connected"}
{"level":["info"],"timestamp":"25:10:2023|10:10:75","exception":false,"message":"MongoDB connected"}
{"level":["info"],"timestamp":"25:10:2023|10:10:63","exception":false,"message":"MongoDB connected"}
{"level":["info"],"timestamp":"25:10:2023|10:10:75","exception":false,"message":"MongoDB connected"}
{"level":["error"],"timestamp":"25:10:2023|10:10:49","exception":false,"message":"Cast to ObjectId failed for value \":keyId\" (type string) at path \"_id\" for model \"keys\""}
{"level":["error"],"timestamp":"25:10:2023|10:10:49","exception":false,"message":"GET_WEBSITE_DATA"}
{"level":["info"],"timestamp":"25:10:2023|10:10:70","exception":false,"message":"MongoDB connected"}
{"level":["error"],"timestamp":"25:10:2023|10:10:45","exception":false,"message":"Cast to ObjectId failed for value \":keyId\" (type string) at path \"_id\" for model \"keys\""}
{"level":["error"],"timestamp":"25:10:2023|10:10:45","exception":false,"message":"GET_WEBSITE_DATA"}
{"level":["info"],"timestamp":"25:10:2023|10:10:04","exception":false,"message":"MongoDB connected"}
{"level":["error"],"timestamp":"25:10:2023|10:10:42","exception":false,"message":"Cast to ObjectId failed for value \":keyId\" (type string) at path \"_id\" for model \"keys\""}
{"level":["error"],"timestamp":"25:10:2023|10:10:42","exception":false,"message":"GET_WEBSITE_DATA"}
{"level":["info"],"timestamp":"25:10:2023|10:10:79","exception":false,"message":"MongoDB connected"}
{"level":["info"],"timestamp":"25:10:2023|10:10:95","exception":false,"message":"MongoDB connected"}
{"level":["info"],"timestamp":"25:10:2023|10:10:58","exception":false,"message":"MongoDB connected"}
{"level":["error"],"timestamp":"25:10:2023|10:10:54","exception":false,"message":"Cast to ObjectId failed for value \":keyid\" (type string) at path \"_id\" for model \"keys\""}
{"level":["error"],"timestamp":"25:10:2023|10:10:54","exception":false,"message":"GET_WEBSITE_DATA"}
{"level":["info"],"timestamp":"25:10:2023|10:10:83","exception":false,"message":"MongoDB connected"}
{"level":["info"],"timestamp":"25:10:2023|10:10:55","exception":false,"message":"MongoDB connected"}
{"level":["info"],"timestamp":"25:10:2023|10:10:75","exception":false,"message":"MongoDB connected"}
{"level":["info"],"timestamp":"25:10:2023|10:10:83","exception":false,"message":"MongoDB connected"}
{"level":["info"],"timestamp":"25:10:2023|10:10:82","exception":false,"message":"MongoDB connected"}
{"level":["info"],"timestamp":"25:10:2023|10:10:53","exception":false,"message":"MongoDB connected"}
{"level":["info"],"timestamp":"25:10:2023|10:10:14","exception":false,"message":"MongoDB connected"}
{"level":["info"],"timestamp":"25:10:2023|10:10:01","exception":false,"message":"MongoDB connected"}
{"level":["info"],"timestamp":"25:10:2023|10:10:51","exception":false,"message":"MongoDB connected"}
{"level":["info"],"timestamp":"25:10:2023|10:10:17","exception":false,"message":"MongoDB connected"}
{"level":["info"],"timestamp":"25:10:2023|10:10:60","exception":false,"message":"MongoDB connected"}
{"level":["info"],"timestamp":"25:10:2023|10:10:02","exception":false,"message":"MongoDB connected"}
{"level":["info"],"timestamp":"25:10:2023|10:10:84","exception":false,"message":"MongoDB connected"}
{"level":["info"],"timestamp":"25:10:2023|10:10:85","exception":false,"message":"MongoDB connected"}
{"level":["info"],"timestamp":"25:10:2023|10:10:02","exception":false,"message":"MongoDB connected"}
{"level":["info"],"timestamp":"25:10:2023|10:10:58","exception":false,"message":"MongoDB connected"}
{"level":["info"],"timestamp":"25:10:2023|10:10:70","exception":false,"message":"MongoDB connected"}
{"level":["info"],"timestamp":"25:10:2023|10:10:38","exception":false,"message":"MongoDB connected"}
{"level":["info"],"timestamp":"25:10:2023|10:10:03","exception":false,"message":"MongoDB connected"}
{"level":["info"],"timestamp":"25:10:2023|10:10:90","exception":false,"message":"MongoDB connected"}
{"level":["info"],"timestamp":"25:10:2023|10:10:44","exception":false,"message":"MongoDB connected"}
{"level":["info"],"timestamp":"25:10:2023|10:10:28","exception":false,"message":"MongoDB connected"}
{"level":["info"],"timestamp":"25:10:2023|10:10:24","exception":false,"message":"MongoDB connected"}
{"level":["warn"],"timestamp":"25:10:2023|12:10:38","exception":false,"message":"MongoDB Disconnecting"}
{"level":["info"],"timestamp":"25:10:2023|12:10:35","exception":false,"message":"MongoDB connected"}
{"level":["info"],"timestamp":"25:10:2023|12:10:49","exception":false,"message":"MongoDB connected"}
{"level":["info"],"timestamp":"25:10:2023|14:10:25","exception":false,"message":"MongoDB connected"}
{"level":["info"],"timestamp":"25:10:2023|14:10:58","exception":false,"message":"MongoDB connected"}
{"level":["info"],"timestamp":"25:10:2023|14:10:72","exception":false,"message":"MongoDB connected"}
{"level":["info"],"timestamp":"25:10:2023|14:10:03","exception":false,"message":"MongoDB connected"}
{"level":["error"],"timestamp":"25:10:2023|14:10:100","exception":false,"message":"formidable.IncomingForm is not a constructor"}
{"level":["info"],"timestamp":"25:10:2023|14:10:50","exception":false,"message":"MongoDB connected"}
{"level":["error"],"timestamp":"25:10:2023|14:10:11","exception":false,"message":"formidable is not a constructor"}
{"level":["info"],"timestamp":"25:10:2023|15:10:53","exception":false,"message":"MongoDB connected"}
{"level":["warn"],"timestamp":"25:10:2023|16:10:96","exception":false,"message":"MongoDB Disconnecting"}
{"level":["warn"],"timestamp":"25:10:2023|16:10:98","exception":false,"message":"MongoDB Disconnected"}
{"level":["info"],"timestamp":"25:10:2023|16:10:34","exception":false,"message":"MongoDB connected"}
{"level":["info"],"timestamp":"25:10:2023|16:10:02","exception":false,"message":"MongoDB connected"}
{"level":["info"],"timestamp":"25:10:2023|16:10:71","exception":false,"message":"MongoDB connected"}
{"level":["error"],"timestamp":"25:10:2023|16:10:73","exception":true,"message":"uncaughtException: Function.prototype.apply was called on undefined, which is a undefined and not a function"}
{"level":["info"],"timestamp":"25:10:2023|16:10:76","exception":false,"message":"MongoDB connected"}
{"level":["error"],"timestamp":"25:10:2023|16:10:91","exception":true,"message":"uncaughtException: Function.prototype.apply was called on undefined, which is a undefined and not a function"}
{"level":["info"],"timestamp":"25:10:2023|16:10:93","exception":false,"message":"MongoDB connected"}
{"level":["error"],"timestamp":"25:10:2023|16:10:31","exception":true,"message":"uncaughtException: req is not defined"}
{"level":["info"],"timestamp":"25:10:2023|16:10:33","exception":false,"message":"MongoDB connected"}
{"level":["error"],"timestamp":"25:10:2023|16:10:62","exception":true,"message":"uncaughtException: req is not defined"}
{"level":["info"],"timestamp":"25:10:2023|16:10:64","exception":false,"message":"MongoDB connected"}
{"level":["error"],"timestamp":"25:10:2023|16:10:28","exception":true,"message":"uncaughtException: Function.prototype.apply was called on undefined, which is a undefined and not a function"}
{"level":["info"],"timestamp":"25:10:2023|16:10:30","exception":false,"message":"MongoDB connected"}
{"level":["error"],"timestamp":"25:10:2023|16:10:27","exception":true,"message":"uncaughtException: Function.prototype.apply was called on undefined, which is a undefined and not a function"}
{"level":["info"],"timestamp":"25:10:2023|16:10:28","exception":false,"message":"MongoDB connected"}
{"level":["error"],"timestamp":"25:10:2023|16:10:24","exception":true,"message":"uncaughtException: Function.prototype.apply was called on undefined, which is a undefined and not a function"}
{"level":["info"],"timestamp":"25:10:2023|16:10:26","exception":false,"message":"MongoDB connected"}
{"level":["info"],"timestamp":"25:10:2023|16:10:89","exception":false,"message":"MongoDB connected"}
{"level":["info"],"timestamp":"25:10:2023|16:10:60","exception":false,"message":"MongoDB connected"}
{"level":["info"],"timestamp":"25:10:2023|16:10:30","exception":false,"message":"MongoDB connected"}
{"level":["warn"],"timestamp":"25:10:2023|16:10:98","exception":false,"message":"MongoDB Disconnecting"}
{"level":["info"],"timestamp":"25:10:2023|16:10:25","exception":false,"message":"MongoDB connected"}
{"level":["info"],"timestamp":"25:10:2023|16:10:20","exception":false,"message":"MongoDB connected"}
{"level":["info"],"timestamp":"25:10:2023|16:10:69","exception":false,"message":"MongoDB connected"}
{"level":["info"],"timestamp":"25:10:2023|16:10:10","exception":false,"message":"MongoDB connected"}
{"level":["info"],"timestamp":"25:10:2023|16:10:50","exception":false,"message":"MongoDB connected"}
{"level":["info"],"timestamp":"25:10:2023|16:10:79","exception":false,"message":"MongoDB connected"}
{"level":["info"],"timestamp":"25:10:2023|16:10:88","exception":false,"message":"MongoDB connected"}
{"level":["info"],"timestamp":"25:10:2023|16:10:26","exception":false,"message":"MongoDB connected"}
{"level":["info"],"timestamp":"25:10:2023|16:10:68","exception":false,"message":"MongoDB connected"}
{"level":["warn"],"timestamp":"25:10:2023|16:10:77","exception":false,"message":"MongoDB Disconnecting"}
