{"level":["info"],"timestamp":"12:12:2023|09:12:72","exception":false,"message":"MongoDB connected"}
{"level":["info"],"timestamp":"12:12:2023|09:12:32","exception":false,"message":"MongoDB connected"}
{"level":["error"],"timestamp":"12:12:2023|09:12:19","exception":false,"message":"IS_USER"}
{"level":["error"],"timestamp":"12:12:2023|09:12:20","exception":false,"message":"IS_USER"}
{"level":["warn"],"timestamp":"12:12:2023|09:12:53","exception":false,"message":"MongoDB Disconnecting"}
{"level":["info"],"timestamp":"12:12:2023|09:12:75","exception":false,"message":"MongoDB connected"}
{"level":["info"],"timestamp":"12:12:2023|09:12:87","exception":false,"message":"MongoDB connected"}
{"level":["info"],"timestamp":"12:12:2023|09:12:39","exception":false,"message":"MongoDB connected"}
{"level":["info"],"timestamp":"12:12:2023|09:12:99","exception":false,"message":"MongoDB connected"}
{"level":["info"],"timestamp":"12:12:2023|09:12:28","exception":false,"message":"MongoDB connected"}
{"level":["info"],"timestamp":"12:12:2023|09:12:67","exception":false,"message":"MongoDB connected"}
{"level":["info"],"timestamp":"12:12:2023|09:12:10","exception":false,"message":"MongoDB connected"}
{"level":["info"],"timestamp":"12:12:2023|09:12:58","exception":false,"message":"MongoDB connected"}
{"level":["info"],"timestamp":"12:12:2023|09:12:37","exception":false,"message":"MongoDB connected"}
{"level":["info"],"timestamp":"12:12:2023|09:12:72","exception":false,"message":"MongoDB connected"}
{"level":["info"],"timestamp":"12:12:2023|09:12:95","exception":false,"message":"MongoDB connected"}
{"level":["info"],"timestamp":"12:12:2023|09:12:98","exception":false,"message":"MongoDB connected"}
{"level":["info"],"timestamp":"12:12:2023|09:12:52","exception":false,"message":"MongoDB connected"}
{"level":["info"],"timestamp":"12:12:2023|09:12:20","exception":false,"message":"MongoDB connected"}
{"level":["info"],"timestamp":"12:12:2023|09:12:39","exception":false,"message":"MongoDB connected"}
{"level":["info"],"timestamp":"12:12:2023|09:12:100","exception":false,"message":"MongoDB connected"}
{"level":["error"],"timestamp":"12:12:2023|09:12:02","exception":true,"message":"uncaughtException: Cannot call abortTransaction after calling commitTransaction"}
{"level":["info"],"timestamp":"12:12:2023|09:12:66","exception":false,"message":"MongoDB connected"}
{"level":["info"],"timestamp":"12:12:2023|09:12:58","exception":false,"message":"MongoDB connected"}
{"level":["info"],"timestamp":"12:12:2023|09:12:36","exception":false,"message":"MongoDB connected"}
{"level":["info"],"timestamp":"12:12:2023|09:12:73","exception":false,"message":"MongoDB connected"}
{"level":["info"],"timestamp":"12:12:2023|09:12:36","exception":false,"message":"MongoDB connected"}
{"level":["info"],"timestamp":"12:12:2023|11:12:36","exception":false,"message":"::ffff:192.168.1.6 - - [12/Dec/2023:05:39:23 +0000] \"PUT /key/update/6577ecd45be31bd223bb9b2c HTTP/1.1\" 404 - \"http://localhost:8081/\" \"Mozilla/5.0 (Macintosh; Intel Mac OS X 10_15_7) AppleWebKit/537.36 (KHTML, like Gecko) Chrome/120.0.0.0 Safari/537.36\"\n"}
{"level":["info"],"timestamp":"12:12:2023|11:12:10","exception":false,"message":"::ffff:192.168.1.6 - - [12/Dec/2023:05:40:43 +0000] \"PUT /key/update/6577ecd45be31bd223bb9b2c HTTP/1.1\" 404 - \"http://localhost:8081/\" \"Mozilla/5.0 (Macintosh; Intel Mac OS X 10_15_7) AppleWebKit/537.36 (KHTML, like Gecko) Chrome/120.0.0.0 Safari/537.36\"\n"}
{"level":["info"],"timestamp":"12:12:2023|11:12:89","exception":false,"message":"::ffff:192.168.1.6 - - [12/Dec/2023:05:43:14 +0000] \"PUT /key/update/6577ecd45be31bd223bb9b2c HTTP/1.1\" 404 - \"http://localhost:8081/\" \"Mozilla/5.0 (Macintosh; Intel Mac OS X 10_15_7) AppleWebKit/537.36 (KHTML, like Gecko) Chrome/120.0.0.0 Safari/537.36\"\n"}
{"level":["info"],"timestamp":"12:12:2023|11:12:39","exception":false,"message":"MongoDB connected"}
{"level":["info"],"timestamp":"12:12:2023|11:12:69","exception":false,"message":"MongoDB connected"}
{"level":["error"],"timestamp":"12:12:2023|11:12:92","exception":false,"message":"No matching document found for id \"6576eee5e53885062e56047b\" version 20 modifiedPaths \"members, admins\""}
{"level":["error"],"timestamp":"12:12:2023|11:12:92","exception":false,"message":"UPDATE_PROJECT"}
{"level":["info"],"timestamp":"12:12:2023|11:12:77","exception":false,"message":"MongoDB connected"}
{"level":["info"],"timestamp":"12:12:2023|11:12:61","exception":false,"message":"MongoDB connected"}
{"level":["info"],"timestamp":"12:12:2023|11:12:52","exception":false,"message":"MongoDB connected"}
{"level":["warn"],"timestamp":"12:12:2023|13:12:34","exception":false,"message":"MongoDB Disconnecting"}
{"level":["info"],"timestamp":"12:12:2023|13:12:77","exception":false,"message":"MongoDB connected"}
{"level":["error"],"timestamp":"12:12:2023|13:12:08","exception":false,"message":"IS_USER"}
{"level":["error"],"timestamp":"12:12:2023|13:12:08","exception":false,"message":"IS_USER"}
{"level":["error"],"timestamp":"12:12:2023|13:12:77","exception":false,"message":"IS_USER"}
{"level":["info"],"timestamp":"12:12:2023|14:12:87","exception":false,"message":"MongoDB connected"}
{"level":["warn"],"timestamp":"12:12:2023|14:12:50","exception":false,"message":"MongoDB Disconnecting"}
{"level":["info"],"timestamp":"12:12:2023|14:12:50","exception":false,"message":"MongoDB connected"}
{"level":["warn"],"timestamp":"12:12:2023|14:12:95","exception":false,"message":"MongoDB Disconnecting"}
{"level":["info"],"timestamp":"12:12:2023|14:12:18","exception":false,"message":"MongoDB connected"}
{"level":["info"],"timestamp":"12:12:2023|15:12:64","exception":false,"message":"MongoDB connected"}
{"level":["info"],"timestamp":"12:12:2023|15:12:54","exception":false,"message":"::ffff:192.168.1.15 - - [12/Dec/2023:09:47:05 +0000] \"GET /auth/user-login HTTP/1.1\" 404 - \"-\" \"Mozilla/5.0 (Windows NT 10.0; Win64; x64) AppleWebKit/537.36 (KHTML, like Gecko) Chrome/120.0.0.0 Safari/537.36\"\n"}
{"level":["warn"],"timestamp":"12:12:2023|15:12:50","exception":false,"message":"MongoDB Disconnecting"}
{"level":["info"],"timestamp":"12:12:2023|15:12:83","exception":false,"message":"MongoDB connected"}
{"level":["warn"],"timestamp":"12:12:2023|15:12:01","exception":false,"message":"MongoDB Disconnecting"}
{"level":["info"],"timestamp":"12:12:2023|16:12:87","exception":false,"message":"MongoDB connected"}
{"level":["warn"],"timestamp":"12:12:2023|16:12:29","exception":false,"message":"MongoDB Disconnecting"}
{"level":["warn"],"timestamp":"12:12:2023|16:12:30","exception":false,"message":"MongoDB Disconnected"}
{"level":["info"],"timestamp":"12:12:2023|16:12:23","exception":false,"message":"MongoDB connected"}
{"level":["warn"],"timestamp":"12:12:2023|16:12:71","exception":false,"message":"MongoDB Disconnecting"}
{"level":["info"],"timestamp":"12:12:2023|16:12:64","exception":false,"message":"MongoDB connected"}
{"level":["warn"],"timestamp":"12:12:2023|16:12:49","exception":false,"message":"MongoDB Disconnecting"}
{"level":["info"],"timestamp":"12:12:2023|16:12:39","exception":false,"message":"MongoDB connected"}
{"level":["warn"],"timestamp":"12:12:2023|16:12:80","exception":false,"message":"MongoDB Disconnecting"}
{"level":["info"],"timestamp":"12:12:2023|16:12:33","exception":false,"message":"MongoDB connected"}
{"level":["info"],"timestamp":"12:12:2023|16:12:97","exception":false,"message":"MongoDB connected"}
{"level":["warn"],"timestamp":"12:12:2023|17:12:77","exception":false,"message":"MongoDB Disconnecting"}
