{"level":["error"],"timestamp":"19:10:2023|15:10:85","exception":true,"message":"uncaughtException: The `uri` parameter to `openUri()` must be a string, got \"undefined\". Make sure the first parameter to `mongoose.connect()` or `mongoose.createConnection()` is a string."}
{"level":["error"],"timestamp":"19:10:2023|15:10:33","exception":true,"message":"uncaughtException: The `uri` parameter to `openUri()` must be a string, got \"undefined\". Make sure the first parameter to `mongoose.connect()` or `mongoose.createConnection()` is a string."}
{"level":["error"],"timestamp":"19:10:2023|15:10:98","exception":true,"message":"uncaughtException: The `uri` parameter to `openUri()` must be a string, got \"undefined\". Make sure the first parameter to `mongoose.connect()` or `mongoose.createConnection()` is a string."}
{"level":["error"],"timestamp":"19:10:2023|15:10:75","exception":false,"message":"TOKEN_VERIFY"}
{"level":["error"],"timestamp":"19:10:2023|15:10:75","exception":false,"message":"secret or public key must be provided"}
{"level":["error"],"timestamp":"19:10:2023|15:10:76","exception":false,"message":"TOKEN_VERIFY"}
{"level":["error"],"timestamp":"19:10:2023|15:10:76","exception":false,"message":"secret or public key must be provided"}
{"level":["error"],"timestamp":"19:10:2023|15:10:76","exception":false,"message":"TOKEN_VERIFY"}
{"level":["error"],"timestamp":"19:10:2023|15:10:76","exception":false,"message":"secret or public key must be provided"}
{"level":["error"],"timestamp":"19:10:2023|15:10:22","exception":false,"message":"TOKEN_VERIFY"}
{"level":["error"],"timestamp":"19:10:2023|15:10:22","exception":false,"message":"secret or public key must be provided"}
{"level":["error"],"timestamp":"19:10:2023|15:10:22","exception":false,"message":"TOKEN_VERIFY"}
{"level":["error"],"timestamp":"19:10:2023|15:10:23","exception":false,"message":"secret or public key must be provided"}
{"level":["error"],"timestamp":"19:10:2023|15:10:23","exception":false,"message":"TOKEN_VERIFY"}
{"level":["error"],"timestamp":"19:10:2023|15:10:23","exception":false,"message":"secret or public key must be provided"}
{"level":["error"],"timestamp":"19:10:2023|15:10:45","exception":false,"message":"TOKEN_VERIFY"}
{"level":["error"],"timestamp":"19:10:2023|15:10:45","exception":false,"message":"secret or public key must be provided"}
{"level":["error"],"timestamp":"19:10:2023|15:10:46","exception":false,"message":"TOKEN_VERIFY"}
{"level":["error"],"timestamp":"19:10:2023|15:10:46","exception":false,"message":"secret or public key must be provided"}
{"level":["error"],"timestamp":"19:10:2023|15:10:18","exception":false,"message":"TOKEN_VERIFY"}
{"level":["error"],"timestamp":"19:10:2023|15:10:18","exception":false,"message":"secret or public key must be provided"}
{"level":["error"],"timestamp":"19:10:2023|15:10:49","exception":false,"message":"TOKEN_VERIFY"}
{"level":["error"],"timestamp":"19:10:2023|15:10:49","exception":false,"message":"secret or public key must be provided"}
{"level":["error"],"timestamp":"19:10:2023|15:10:50","exception":false,"message":"TOKEN_VERIFY"}
{"level":["error"],"timestamp":"19:10:2023|15:10:50","exception":false,"message":"secret or public key must be provided"}
{"level":["error"],"timestamp":"19:10:2023|15:10:50","exception":false,"message":"TOKEN_VERIFY"}
{"level":["error"],"timestamp":"19:10:2023|15:10:50","exception":false,"message":"secret or public key must be provided"}
{"level":["error"],"timestamp":"19:10:2023|15:10:54","exception":false,"message":"TOKEN_VERIFY"}
{"level":["error"],"timestamp":"19:10:2023|15:10:54","exception":false,"message":"secret or public key must be provided"}
{"level":["error"],"timestamp":"19:10:2023|15:10:59","exception":true,"message":"uncaughtException: The `uri` parameter to `openUri()` must be a string, got \"undefined\". Make sure the first parameter to `mongoose.connect()` or `mongoose.createConnection()` is a string."}
{"level":["error"],"timestamp":"19:10:2023|15:10:76","exception":false,"message":"TOKEN_VERIFY"}
{"level":["error"],"timestamp":"19:10:2023|15:10:76","exception":false,"message":"secret or public key must be provided"}
{"level":["error"],"timestamp":"19:10:2023|15:10:56","exception":false,"message":"TOKEN_VERIFY"}
{"level":["error"],"timestamp":"19:10:2023|15:10:56","exception":false,"message":"secret or public key must be provided"}
{"level":["error"],"timestamp":"19:10:2023|15:10:36","exception":false,"message":"TOKEN_VERIFY"}
{"level":["error"],"timestamp":"19:10:2023|15:10:36","exception":false,"message":"secret or public key must be provided"}
{"level":["error"],"timestamp":"19:10:2023|15:10:40","exception":false,"message":"TOKEN_VERIFY"}
{"level":["error"],"timestamp":"19:10:2023|15:10:40","exception":false,"message":"secret or public key must be provided"}
{"level":["error"],"timestamp":"19:10:2023|15:10:59","exception":false,"message":"TOKEN_VERIFY"}
{"level":["error"],"timestamp":"19:10:2023|15:10:59","exception":false,"message":"secret or public key must be provided"}
{"level":["error"],"timestamp":"19:10:2023|15:10:60","exception":false,"message":"TOKEN_VERIFY"}
{"level":["error"],"timestamp":"19:10:2023|15:10:60","exception":false,"message":"secret or public key must be provided"}
{"level":["error"],"timestamp":"19:10:2023|15:10:82","exception":false,"message":"TOKEN_VERIFY"}
{"level":["error"],"timestamp":"19:10:2023|15:10:82","exception":false,"message":"secret or public key must be provided"}
{"level":["error"],"timestamp":"19:10:2023|15:10:64","exception":false,"message":"TOKEN_VERIFY"}
{"level":["error"],"timestamp":"19:10:2023|15:10:65","exception":false,"message":"secret or public key must be provided"}
{"level":["error"],"timestamp":"19:10:2023|15:10:65","exception":false,"message":"TOKEN_VERIFY"}
{"level":["error"],"timestamp":"19:10:2023|15:10:65","exception":false,"message":"secret or public key must be provided"}
{"level":["error"],"timestamp":"19:10:2023|15:10:75","exception":false,"message":"TOKEN_VERIFY"}
{"level":["error"],"timestamp":"19:10:2023|15:10:75","exception":false,"message":"secret or public key must be provided"}
{"level":["error"],"timestamp":"19:10:2023|15:10:76","exception":false,"message":"TOKEN_VERIFY"}
{"level":["error"],"timestamp":"19:10:2023|15:10:76","exception":false,"message":"secret or public key must be provided"}
{"level":["error"],"timestamp":"19:10:2023|15:10:91","exception":true,"message":"uncaughtException: The `uri` parameter to `openUri()` must be a string, got \"undefined\". Make sure the first parameter to `mongoose.connect()` or `mongoose.createConnection()` is a string."}
{"level":["error"],"timestamp":"19:10:2023|15:10:33","exception":false,"message":"TOKEN_VERIFY"}
{"level":["error"],"timestamp":"19:10:2023|15:10:33","exception":false,"message":"secret or public key must be provided"}
{"level":["error"],"timestamp":"19:10:2023|15:10:34","exception":false,"message":"TOKEN_VERIFY"}
{"level":["error"],"timestamp":"19:10:2023|15:10:34","exception":false,"message":"secret or public key must be provided"}
{"level":["error"],"timestamp":"19:10:2023|15:10:34","exception":false,"message":"TOKEN_VERIFY"}
{"level":["error"],"timestamp":"19:10:2023|15:10:34","exception":false,"message":"secret or public key must be provided"}
{"level":["error"],"timestamp":"19:10:2023|15:10:55","exception":false,"message":"TOKEN_VERIFY"}
{"level":["error"],"timestamp":"19:10:2023|15:10:55","exception":false,"message":"secret or public key must be provided"}
{"level":["error"],"timestamp":"19:10:2023|15:10:55","exception":false,"message":"TOKEN_VERIFY"}
{"level":["error"],"timestamp":"19:10:2023|15:10:55","exception":false,"message":"secret or public key must be provided"}
{"level":["error"],"timestamp":"19:10:2023|15:10:56","exception":false,"message":"TOKEN_VERIFY"}
{"level":["error"],"timestamp":"19:10:2023|15:10:56","exception":false,"message":"secret or public key must be provided"}
{"level":["error"],"timestamp":"19:10:2023|15:10:59","exception":false,"message":"TOKEN_VERIFY"}
{"level":["error"],"timestamp":"19:10:2023|15:10:60","exception":false,"message":"secret or public key must be provided"}
{"level":["error"],"timestamp":"19:10:2023|15:10:60","exception":false,"message":"TOKEN_VERIFY"}
{"level":["error"],"timestamp":"19:10:2023|15:10:60","exception":false,"message":"secret or public key must be provided"}
{"level":["error"],"timestamp":"19:10:2023|15:10:60","exception":false,"message":"TOKEN_VERIFY"}
{"level":["error"],"timestamp":"19:10:2023|15:10:60","exception":false,"message":"secret or public key must be provided"}
{"level":["error"],"timestamp":"19:10:2023|15:10:70","exception":false,"message":"TOKEN_VERIFY"}
{"level":["error"],"timestamp":"19:10:2023|15:10:70","exception":false,"message":"secret or public key must be provided"}
{"level":["warn"],"timestamp":"19:10:2023|15:10:31","exception":false,"message":"MongoDB Connection Closed Successfully!"}
{"level":["info"],"timestamp":"19:10:2023|15:10:40","exception":false,"message":"MongoDB connected"}
{"level":["warn"],"timestamp":"19:10:2023|15:10:97","exception":false,"message":"MongoDB Disconnecting"}
{"level":["info"],"timestamp":"19:10:2023|15:10:50","exception":false,"message":"MongoDB connected"}
{"level":["info"],"timestamp":"19:10:2023|15:10:33","exception":false,"message":"MongoDB connected"}
{"level":["info"],"timestamp":"19:10:2023|15:10:12","exception":false,"message":"MongoDB connected"}
{"level":["info"],"timestamp":"19:10:2023|15:10:82","exception":false,"message":"MongoDB connected"}
{"level":["info"],"timestamp":"19:10:2023|15:10:76","exception":false,"message":"MongoDB connected"}
{"level":["info"],"timestamp":"19:10:2023|15:10:11","exception":false,"message":"MongoDB connected"}
{"level":["info"],"timestamp":"19:10:2023|15:10:89","exception":false,"message":"MongoDB connected"}
{"level":["info"],"timestamp":"19:10:2023|15:10:84","exception":false,"message":"MongoDB connected"}
{"level":["info"],"timestamp":"19:10:2023|15:10:60","exception":false,"message":"MongoDB connected"}
{"level":["info"],"timestamp":"19:10:2023|15:10:51","exception":false,"message":"MongoDB connected"}
{"level":["info"],"timestamp":"19:10:2023|15:10:95","exception":false,"message":"MongoDB connected"}
{"level":["info"],"timestamp":"19:10:2023|15:10:81","exception":false,"message":"MongoDB connected"}
{"level":["info"],"timestamp":"19:10:2023|15:10:70","exception":false,"message":"MongoDB connected"}
{"level":["info"],"timestamp":"19:10:2023|15:10:13","exception":false,"message":"MongoDB connected"}
{"level":["info"],"timestamp":"19:10:2023|15:10:79","exception":false,"message":"MongoDB connected"}
{"level":["info"],"timestamp":"19:10:2023|15:10:67","exception":false,"message":"MongoDB connected"}
{"level":["info"],"timestamp":"19:10:2023|15:10:60","exception":false,"message":"MongoDB connected"}
{"level":["info"],"timestamp":"19:10:2023|15:10:62","exception":false,"message":"MongoDB connected"}
{"level":["info"],"timestamp":"19:10:2023|15:10:80","exception":false,"message":"MongoDB connected"}
{"level":["info"],"timestamp":"19:10:2023|15:10:33","exception":false,"message":"MongoDB connected"}
{"level":["info"],"timestamp":"19:10:2023|15:10:35","exception":false,"message":"MongoDB connected"}
{"level":["info"],"timestamp":"19:10:2023|15:10:72","exception":false,"message":"MongoDB connected"}
{"level":["info"],"timestamp":"19:10:2023|15:10:54","exception":false,"message":"MongoDB connected"}
{"level":["info"],"timestamp":"19:10:2023|15:10:27","exception":false,"message":"MongoDB connected"}
{"level":["info"],"timestamp":"19:10:2023|15:10:96","exception":false,"message":"MongoDB connected"}
{"level":["info"],"timestamp":"19:10:2023|15:10:38","exception":false,"message":"MongoDB connected"}
{"level":["info"],"timestamp":"19:10:2023|15:10:44","exception":false,"message":"MongoDB connected"}
{"level":["info"],"timestamp":"19:10:2023|15:10:67","exception":false,"message":"MongoDB connected"}
{"level":["info"],"timestamp":"19:10:2023|15:10:17","exception":false,"message":"MongoDB connected"}
{"level":["error"],"timestamp":"19:10:2023|15:10:37","exception":false,"message":"Cannot read properties of undefined (reading '_id')"}
{"level":["error"],"timestamp":"19:10:2023|15:10:38","exception":false,"message":"CREATE_WEBSITE"}
{"level":["info"],"timestamp":"19:10:2023|15:10:32","exception":false,"message":"MongoDB connected"}
{"level":["info"],"timestamp":"19:10:2023|15:10:56","exception":false,"message":"MongoDB connected"}
{"level":["error"],"timestamp":"19:10:2023|15:10:01","exception":false,"message":"Cannot read properties of undefined (reading '_id')"}
{"level":["error"],"timestamp":"19:10:2023|15:10:01","exception":false,"message":"CREATE_WEBSITE"}
{"level":["info"],"timestamp":"19:10:2023|15:10:56","exception":false,"message":"MongoDB connected"}
{"level":["error"],"timestamp":"19:10:2023|15:10:91","exception":false,"message":"Cannot read properties of undefined (reading 'save')"}
{"level":["error"],"timestamp":"19:10:2023|15:10:91","exception":false,"message":"CREATE_WEBSITE"}
{"level":["info"],"timestamp":"19:10:2023|15:10:02","exception":false,"message":"MongoDB connected"}
{"level":["info"],"timestamp":"19:10:2023|15:10:57","exception":false,"message":"MongoDB connected"}
{"level":["info"],"timestamp":"19:10:2023|15:10:96","exception":false,"message":"MongoDB connected"}
{"level":["info"],"timestamp":"19:10:2023|15:10:30","exception":false,"message":"::ffff:192.168.29.139 - - [19/Oct/2023:10:20:58 +0000] \"DELETE /language/delete/undefined HTTP/1.1\" 404 - \"http://127.0.0.1:5173/\" \"Mozilla/5.0 (Windows NT 10.0; Win64; x64) AppleWebKit/537.36 (KHTML, like Gecko) Chrome/118.0.0.0 Safari/537.36\"\n"}
{"level":["info"],"timestamp":"19:10:2023|15:10:76","exception":false,"message":"MongoDB connected"}
{"level":["info"],"timestamp":"19:10:2023|15:10:76","exception":false,"message":"::ffff:192.168.29.139 - - [19/Oct/2023:10:21:35 +0000] \"DELETE /language/delete/undefined HTTP/1.1\" 404 - \"http://127.0.0.1:5173/\" \"Mozilla/5.0 (Windows NT 10.0; Win64; x64) AppleWebKit/537.36 (KHTML, like Gecko) Chrome/118.0.0.0 Safari/537.36\"\n"}
{"level":["info"],"timestamp":"19:10:2023|15:10:54","exception":false,"message":"MongoDB connected"}
{"level":["info"],"timestamp":"19:10:2023|15:10:84","exception":false,"message":"MongoDB connected"}
{"level":["info"],"timestamp":"19:10:2023|15:10:25","exception":false,"message":"MongoDB connected"}
{"level":["error"],"timestamp":"19:10:2023|15:10:23","exception":false,"message":"Cannot read properties of null (reading 'save')"}
{"level":["error"],"timestamp":"19:10:2023|15:10:23","exception":false,"message":"CREATE_WEBSITE"}
{"level":["info"],"timestamp":"19:10:2023|15:10:12","exception":false,"message":"MongoDB connected"}
{"level":["info"],"timestamp":"19:10:2023|15:10:32","exception":false,"message":"MongoDB connected"}
{"level":["info"],"timestamp":"19:10:2023|15:10:85","exception":false,"message":"MongoDB connected"}
{"level":["info"],"timestamp":"19:10:2023|15:10:19","exception":false,"message":"MongoDB connected"}
{"level":["info"],"timestamp":"19:10:2023|15:10:67","exception":false,"message":"MongoDB connected"}
{"level":["info"],"timestamp":"19:10:2023|15:10:47","exception":false,"message":"MongoDB connected"}
{"level":["info"],"timestamp":"19:10:2023|15:10:36","exception":false,"message":"MongoDB connected"}
{"level":["info"],"timestamp":"19:10:2023|16:10:14","exception":false,"message":"MongoDB connected"}
{"level":["info"],"timestamp":"19:10:2023|16:10:07","exception":false,"message":"MongoDB connected"}
{"level":["info"],"timestamp":"19:10:2023|16:10:94","exception":false,"message":"MongoDB connected"}
{"level":["info"],"timestamp":"19:10:2023|16:10:52","exception":false,"message":"MongoDB connected"}
{"level":["info"],"timestamp":"19:10:2023|16:10:94","exception":false,"message":"MongoDB connected"}
{"level":["info"],"timestamp":"19:10:2023|16:10:59","exception":false,"message":"MongoDB connected"}
{"level":["info"],"timestamp":"19:10:2023|16:10:08","exception":false,"message":"MongoDB connected"}
{"level":["info"],"timestamp":"19:10:2023|16:10:09","exception":false,"message":"MongoDB connected"}
{"level":["info"],"timestamp":"19:10:2023|16:10:47","exception":false,"message":"MongoDB connected"}
{"level":["info"],"timestamp":"19:10:2023|16:10:63","exception":false,"message":"MongoDB connected"}
{"level":["info"],"timestamp":"19:10:2023|16:10:78","exception":false,"message":"MongoDB connected"}
{"level":["info"],"timestamp":"19:10:2023|16:10:75","exception":false,"message":"MongoDB connected"}
{"level":["info"],"timestamp":"19:10:2023|16:10:03","exception":false,"message":"MongoDB connected"}
{"level":["warn"],"timestamp":"19:10:2023|16:10:38","exception":false,"message":"MongoDB Disconnecting"}
{"level":["info"],"timestamp":"19:10:2023|16:10:56","exception":false,"message":"MongoDB connected"}
{"level":["info"],"timestamp":"19:10:2023|16:10:85","exception":false,"message":"MongoDB connected"}
{"level":["info"],"timestamp":"19:10:2023|16:10:81","exception":false,"message":"MongoDB connected"}
{"level":["info"],"timestamp":"19:10:2023|16:10:53","exception":false,"message":"MongoDB connected"}
{"level":["warn"],"timestamp":"19:10:2023|16:10:47","exception":false,"message":"MongoDB Disconnecting"}
{"level":["info"],"timestamp":"19:10:2023|16:10:67","exception":false,"message":"MongoDB connected"}
{"level":["info"],"timestamp":"19:10:2023|16:10:30","exception":false,"message":"MongoDB connected"}
{"level":["info"],"timestamp":"19:10:2023|16:10:39","exception":false,"message":"MongoDB connected"}
{"level":["info"],"timestamp":"19:10:2023|16:10:69","exception":false,"message":"MongoDB connected"}
{"level":["info"],"timestamp":"19:10:2023|16:10:28","exception":false,"message":"MongoDB connected"}
{"level":["info"],"timestamp":"19:10:2023|16:10:53","exception":false,"message":"MongoDB connected"}
{"level":["info"],"timestamp":"19:10:2023|16:10:87","exception":false,"message":"MongoDB connected"}
{"level":["info"],"timestamp":"19:10:2023|16:10:21","exception":false,"message":"MongoDB connected"}
{"level":["info"],"timestamp":"19:10:2023|16:10:44","exception":false,"message":"MongoDB connected"}
{"level":["info"],"timestamp":"19:10:2023|16:10:87","exception":false,"message":"MongoDB connected"}
{"level":["error"],"timestamp":"19:10:2023|16:10:20","exception":false,"message":"TOKEN_VERIFY"}
{"level":["error"],"timestamp":"19:10:2023|16:10:20","exception":false,"message":"TOKEN_VERIFY"}
{"level":["error"],"timestamp":"19:10:2023|16:10:21","exception":false,"message":"TOKEN_VERIFY"}
{"level":["info"],"timestamp":"19:10:2023|16:10:27","exception":false,"message":"::ffff:192.168.29.139 - - [19/Oct/2023:11:09:21 +0000] \"PUT /admin/generate-new-refresh-token HTTP/1.1\" 404 - \"http://127.0.0.1:5173/\" \"Mozilla/5.0 (Windows NT 10.0; Win64; x64) AppleWebKit/537.36 (KHTML, like Gecko) Chrome/118.0.0.0 Safari/537.36\"\n"}
{"level":["info"],"timestamp":"19:10:2023|16:10:41","exception":false,"message":"MongoDB connected"}
{"level":["info"],"timestamp":"19:10:2023|16:10:25","exception":false,"message":"MongoDB connected"}
{"level":["info"],"timestamp":"19:10:2023|16:10:45","exception":false,"message":"MongoDB connected"}
{"level":["info"],"timestamp":"19:10:2023|16:10:25","exception":false,"message":"MongoDB connected"}
{"level":["info"],"timestamp":"19:10:2023|16:10:83","exception":false,"message":"MongoDB connected"}
{"level":["info"],"timestamp":"19:10:2023|16:10:51","exception":false,"message":"MongoDB connected"}
{"level":["info"],"timestamp":"19:10:2023|17:10:17","exception":false,"message":"MongoDB connected"}
{"level":["info"],"timestamp":"19:10:2023|17:10:28","exception":false,"message":"MongoDB connected"}
{"level":["info"],"timestamp":"19:10:2023|17:10:08","exception":false,"message":"MongoDB connected"}
{"level":["info"],"timestamp":"19:10:2023|17:10:46","exception":false,"message":"MongoDB connected"}
{"level":["info"],"timestamp":"19:10:2023|17:10:63","exception":false,"message":"MongoDB connected"}
{"level":["info"],"timestamp":"19:10:2023|17:10:24","exception":false,"message":"MongoDB connected"}
{"level":["info"],"timestamp":"19:10:2023|17:10:15","exception":false,"message":"MongoDB connected"}
{"level":["info"],"timestamp":"19:10:2023|17:10:65","exception":false,"message":"MongoDB connected"}
{"level":["info"],"timestamp":"19:10:2023|17:10:18","exception":false,"message":"MongoDB connected"}
{"level":["info"],"timestamp":"19:10:2023|17:10:37","exception":false,"message":"MongoDB connected"}
{"level":["info"],"timestamp":"19:10:2023|17:10:74","exception":false,"message":"MongoDB connected"}
{"level":["info"],"timestamp":"19:10:2023|17:10:89","exception":false,"message":"MongoDB connected"}
{"level":["info"],"timestamp":"19:10:2023|17:10:86","exception":false,"message":"MongoDB connected"}
{"level":["warn"],"timestamp":"19:10:2023|17:10:83","exception":false,"message":"MongoDB Disconnecting"}
