{"level":["info"],"timestamp":"30:11:2023|09:11:29","exception":false,"message":"MongoDB connected"}
{"level":["error"],"timestamp":"30:11:2023|09:11:85","exception":false,"message":"IS_USER"}
{"level":["info"],"timestamp":"30:11:2023|09:11:42","exception":false,"message":"MongoDB connected"}
{"level":["error"],"timestamp":"30:11:2023|09:11:97","exception":false,"message":"IS_USER"}
{"level":["error"],"timestamp":"30:11:2023|09:11:67","exception":false,"message":"IS_USER"}
{"level":["error"],"timestamp":"30:11:2023|09:11:40","exception":false,"message":"IS_USER"}
{"level":["error"],"timestamp":"30:11:2023|09:11:73","exception":false,"message":"IS_USER"}
{"level":["error"],"timestamp":"30:11:2023|09:11:66","exception":false,"message":"IS_USER"}
{"level":["error"],"timestamp":"30:11:2023|09:11:70","exception":false,"message":"IS_USER"}
{"level":["error"],"timestamp":"30:11:2023|09:11:78","exception":false,"message":"IS_USER"}
{"level":["error"],"timestamp":"30:11:2023|09:11:26","exception":false,"message":"IS_USER"}
{"level":["error"],"timestamp":"30:11:2023|09:11:43","exception":false,"message":"IS_USER"}
{"level":["error"],"timestamp":"30:11:2023|09:11:84","exception":false,"message":"IS_USER"}
{"level":["error"],"timestamp":"30:11:2023|09:11:63","exception":false,"message":"IS_USER"}
{"level":["error"],"timestamp":"30:11:2023|09:11:68","exception":false,"message":"IS_USER"}
{"level":["error"],"timestamp":"30:11:2023|09:11:59","exception":false,"message":"IS_USER"}
{"level":["error"],"timestamp":"30:11:2023|09:11:66","exception":false,"message":"IS_USER"}
{"level":["error"],"timestamp":"30:11:2023|09:11:24","exception":false,"message":"IS_USER"}
{"level":["error"],"timestamp":"30:11:2023|09:11:30","exception":false,"message":"IS_USER"}
{"level":["error"],"timestamp":"30:11:2023|09:11:95","exception":false,"message":"IS_USER"}
{"level":["error"],"timestamp":"30:11:2023|09:11:09","exception":false,"message":"IS_USER"}
{"level":["error"],"timestamp":"30:11:2023|09:11:48","exception":false,"message":"IS_USER"}
{"level":["info"],"timestamp":"30:11:2023|09:11:32","exception":false,"message":"MongoDB connected"}
{"level":["info"],"timestamp":"30:11:2023|09:11:43","exception":false,"message":"MongoDB connected"}
{"level":["info"],"timestamp":"30:11:2023|09:11:80","exception":false,"message":"MongoDB connected"}
{"level":["info"],"timestamp":"30:11:2023|09:11:98","exception":false,"message":"MongoDB connected"}
{"level":["info"],"timestamp":"30:11:2023|10:11:46","exception":false,"message":"MongoDB connected"}
{"level":["info"],"timestamp":"30:11:2023|10:11:68","exception":false,"message":"MongoDB connected"}
{"level":["info"],"timestamp":"30:11:2023|10:11:05","exception":false,"message":"MongoDB connected"}
{"level":["info"],"timestamp":"30:11:2023|10:11:86","exception":false,"message":"MongoDB connected"}
{"level":["info"],"timestamp":"30:11:2023|10:11:31","exception":false,"message":"MongoDB connected"}
{"level":["info"],"timestamp":"30:11:2023|10:11:63","exception":false,"message":"MongoDB connected"}
{"level":["info"],"timestamp":"30:11:2023|10:11:00","exception":false,"message":"MongoDB connected"}
{"level":["info"],"timestamp":"30:11:2023|10:11:79","exception":false,"message":"MongoDB connected"}
{"level":["info"],"timestamp":"30:11:2023|10:11:59","exception":false,"message":"MongoDB connected"}
{"level":["info"],"timestamp":"30:11:2023|10:11:86","exception":false,"message":"MongoDB connected"}
{"level":["info"],"timestamp":"30:11:2023|11:11:91","exception":false,"message":"MongoDB connected"}
{"level":["info"],"timestamp":"30:11:2023|11:11:24","exception":false,"message":"MongoDB connected"}
{"level":["info"],"timestamp":"30:11:2023|11:11:43","exception":false,"message":"MongoDB connected"}
{"level":["info"],"timestamp":"30:11:2023|11:11:09","exception":false,"message":"MongoDB connected"}
{"level":["info"],"timestamp":"30:11:2023|11:11:96","exception":false,"message":"MongoDB connected"}
{"level":["info"],"timestamp":"30:11:2023|11:11:68","exception":false,"message":"MongoDB connected"}
{"level":["info"],"timestamp":"30:11:2023|11:11:33","exception":false,"message":"MongoDB connected"}
{"level":["info"],"timestamp":"30:11:2023|11:11:54","exception":false,"message":"MongoDB connected"}
{"level":["info"],"timestamp":"30:11:2023|11:11:19","exception":false,"message":"MongoDB connected"}
{"level":["info"],"timestamp":"30:11:2023|11:11:78","exception":false,"message":"MongoDB connected"}
{"level":["info"],"timestamp":"30:11:2023|11:11:21","exception":false,"message":"MongoDB connected"}
{"level":["info"],"timestamp":"30:11:2023|11:11:23","exception":false,"message":"MongoDB connected"}
{"level":["info"],"timestamp":"30:11:2023|11:11:23","exception":false,"message":"MongoDB connected"}
{"level":["error"],"timestamp":"30:11:2023|11:11:94","exception":false,"message":"IS_USER"}
{"level":["error"],"timestamp":"30:11:2023|11:11:42","exception":false,"message":"IS_USER"}
{"level":["error"],"timestamp":"30:11:2023|11:11:38","exception":false,"message":"IS_USER"}
{"level":["info"],"timestamp":"30:11:2023|11:11:83","exception":false,"message":"MongoDB connected"}
{"level":["error"],"timestamp":"30:11:2023|11:11:93","exception":false,"message":"IS_USER"}
{"level":["error"],"timestamp":"30:11:2023|11:11:93","exception":false,"message":"IS_USER"}
{"level":["info"],"timestamp":"30:11:2023|11:11:67","exception":false,"message":"MongoDB connected"}
{"level":["error"],"timestamp":"30:11:2023|11:11:65","exception":false,"message":"IS_USER"}
{"level":["error"],"timestamp":"30:11:2023|11:11:78","exception":false,"message":"IS_USER"}
{"level":["info"],"timestamp":"30:11:2023|11:11:05","exception":false,"message":"MongoDB connected"}
{"level":["info"],"timestamp":"30:11:2023|11:11:99","exception":false,"message":"MongoDB connected"}
{"level":["error"],"timestamp":"30:11:2023|12:11:54","exception":false,"message":"IS_USER"}
{"level":["error"],"timestamp":"30:11:2023|12:11:70","exception":false,"message":"IS_USER"}
{"level":["error"],"timestamp":"30:11:2023|12:11:59","exception":false,"message":"IS_USER"}
{"level":["error"],"timestamp":"30:11:2023|12:11:67","exception":false,"message":"IS_USER"}
{"level":["error"],"timestamp":"30:11:2023|12:11:90","exception":false,"message":"IS_USER"}
{"level":["info"],"timestamp":"30:11:2023|12:11:88","exception":false,"message":"MongoDB connected"}
{"level":["info"],"timestamp":"30:11:2023|12:11:36","exception":false,"message":"MongoDB connected"}
{"level":["info"],"timestamp":"30:11:2023|13:11:37","exception":false,"message":"MongoDB connected"}
{"level":["info"],"timestamp":"30:11:2023|13:11:81","exception":false,"message":"MongoDB connected"}
{"level":["error"],"timestamp":"30:11:2023|13:11:28","exception":true,"message":"uncaughtException: getLanguageData is not defined"}
{"level":["info"],"timestamp":"30:11:2023|13:11:31","exception":false,"message":"MongoDB connected"}
{"level":["info"],"timestamp":"30:11:2023|13:11:68","exception":false,"message":"MongoDB connected"}
{"level":["error"],"timestamp":"30:11:2023|13:11:17","exception":false,"message":"IS_USER"}
{"level":["error"],"timestamp":"30:11:2023|13:11:66","exception":false,"message":"IS_USER"}
{"level":["info"],"timestamp":"30:11:2023|13:11:83","exception":false,"message":"MongoDB connected"}
{"level":["error"],"timestamp":"30:11:2023|13:11:10","exception":false,"message":"IS_USER"}
{"level":["info"],"timestamp":"30:11:2023|13:11:98","exception":false,"message":"MongoDB connected"}
{"level":["info"],"timestamp":"30:11:2023|13:11:16","exception":false,"message":"MongoDB connected"}
{"level":["info"],"timestamp":"30:11:2023|13:11:86","exception":false,"message":"MongoDB connected"}
{"level":["error"],"timestamp":"30:11:2023|13:11:02","exception":false,"message":"IS_USER"}
{"level":["info"],"timestamp":"30:11:2023|13:11:60","exception":false,"message":"MongoDB connected"}
{"level":["info"],"timestamp":"30:11:2023|13:11:47","exception":false,"message":"MongoDB connected"}
{"level":["info"],"timestamp":"30:11:2023|13:11:16","exception":false,"message":"MongoDB connected"}
{"level":["info"],"timestamp":"30:11:2023|13:11:73","exception":false,"message":"MongoDB connected"}
{"level":["info"],"timestamp":"30:11:2023|13:11:29","exception":false,"message":"MongoDB connected"}
{"level":["info"],"timestamp":"30:11:2023|13:11:14","exception":false,"message":"MongoDB connected"}
{"level":["info"],"timestamp":"30:11:2023|13:11:17","exception":false,"message":"MongoDB connected"}
{"level":["info"],"timestamp":"30:11:2023|13:11:08","exception":false,"message":"MongoDB connected"}
{"level":["info"],"timestamp":"30:11:2023|14:11:50","exception":false,"message":"MongoDB connected"}
{"level":["info"],"timestamp":"30:11:2023|14:11:49","exception":false,"message":"MongoDB connected"}
{"level":["info"],"timestamp":"30:11:2023|14:11:59","exception":false,"message":"MongoDB connected"}
{"level":["info"],"timestamp":"30:11:2023|14:11:02","exception":false,"message":"MongoDB connected"}
{"level":["info"],"timestamp":"30:11:2023|14:11:16","exception":false,"message":"MongoDB connected"}
{"level":["info"],"timestamp":"30:11:2023|14:11:45","exception":false,"message":"MongoDB connected"}
{"level":["info"],"timestamp":"30:11:2023|14:11:12","exception":false,"message":"MongoDB connected"}
{"level":["info"],"timestamp":"30:11:2023|14:11:34","exception":false,"message":"MongoDB connected"}
{"level":["info"],"timestamp":"30:11:2023|14:11:12","exception":false,"message":"MongoDB connected"}
{"level":["info"],"timestamp":"30:11:2023|14:11:47","exception":false,"message":"MongoDB connected"}
{"level":["info"],"timestamp":"30:11:2023|14:11:50","exception":false,"message":"MongoDB connected"}
{"level":["info"],"timestamp":"30:11:2023|14:11:67","exception":false,"message":"MongoDB connected"}
{"level":["info"],"timestamp":"30:11:2023|14:11:38","exception":false,"message":"MongoDB connected"}
{"level":["info"],"timestamp":"30:11:2023|14:11:55","exception":false,"message":"MongoDB connected"}
{"level":["info"],"timestamp":"30:11:2023|14:11:25","exception":false,"message":"MongoDB connected"}
{"level":["info"],"timestamp":"30:11:2023|14:11:42","exception":false,"message":"MongoDB connected"}
{"level":["info"],"timestamp":"30:11:2023|14:11:93","exception":false,"message":"::ffff:192.168.1.21 - - [30/Nov/2023:09:03:32 +0000] \"POST /member/add/65656ad9269fc64b3aefeda5 HTTP/1.1\" 404 - \"http://localhost:8081/\" \"Mozilla/5.0 (Windows NT 10.0; Win64; x64) AppleWebKit/537.36 (KHTML, like Gecko) Chrome/119.0.0.0 Safari/537.36\"\n"}
{"level":["error"],"timestamp":"30:11:2023|14:11:10","exception":true,"message":"uncaughtException: async is not defined"}
{"level":["info"],"timestamp":"30:11:2023|14:11:14","exception":false,"message":"MongoDB connected"}
{"level":["info"],"timestamp":"30:11:2023|14:11:63","exception":false,"message":"MongoDB connected"}
{"level":["info"],"timestamp":"30:11:2023|14:11:12","exception":false,"message":"MongoDB connected"}
{"level":["info"],"timestamp":"30:11:2023|14:11:57","exception":false,"message":"MongoDB connected"}
{"level":["info"],"timestamp":"30:11:2023|14:11:65","exception":false,"message":"MongoDB connected"}
{"level":["info"],"timestamp":"30:11:2023|14:11:77","exception":false,"message":"MongoDB connected"}
{"level":["info"],"timestamp":"30:11:2023|14:11:67","exception":false,"message":"::ffff:192.168.1.21 - - [30/Nov/2023:09:05:56 +0000] \"POST /member/add/656845e348bdd53492fc7b22 HTTP/1.1\" 404 - \"http://localhost:8081/\" \"Mozilla/5.0 (Windows NT 10.0; Win64; x64) AppleWebKit/537.36 (KHTML, like Gecko) Chrome/119.0.0.0 Safari/537.36\"\n"}
{"level":["info"],"timestamp":"30:11:2023|14:11:23","exception":false,"message":"MongoDB connected"}
{"level":["info"],"timestamp":"30:11:2023|14:11:62","exception":false,"message":"MongoDB connected"}
{"level":["info"],"timestamp":"30:11:2023|14:11:94","exception":false,"message":"MongoDB connected"}
{"level":["info"],"timestamp":"30:11:2023|14:11:36","exception":false,"message":"MongoDB connected"}
{"level":["info"],"timestamp":"30:11:2023|14:11:53","exception":false,"message":"MongoDB connected"}
{"level":["info"],"timestamp":"30:11:2023|14:11:52","exception":false,"message":"MongoDB connected"}
{"level":["info"],"timestamp":"30:11:2023|14:11:59","exception":false,"message":"MongoDB connected"}
{"level":["info"],"timestamp":"30:11:2023|14:11:36","exception":false,"message":"MongoDB connected"}
{"level":["info"],"timestamp":"30:11:2023|14:11:27","exception":false,"message":"MongoDB connected"}
{"level":["info"],"timestamp":"30:11:2023|14:11:06","exception":false,"message":"MongoDB connected"}
{"level":["info"],"timestamp":"30:11:2023|14:11:34","exception":false,"message":"MongoDB connected"}
{"level":["info"],"timestamp":"30:11:2023|14:11:54","exception":false,"message":"MongoDB connected"}
{"level":["info"],"timestamp":"30:11:2023|14:11:06","exception":false,"message":"MongoDB connected"}
{"level":["info"],"timestamp":"30:11:2023|14:11:66","exception":false,"message":"MongoDB connected"}
{"level":["error"],"timestamp":"30:11:2023|14:11:20","exception":false,"message":"Schema hasn't been registered for model \"admins , _id name email\".\nUse mongoose.model(name, schema)"}
{"level":["error"],"timestamp":"30:11:2023|14:11:20","exception":false,"message":"GET_ADMIN_AND_MEMBER"}
{"level":["info"],"timestamp":"30:11:2023|14:11:21","exception":false,"message":"MongoDB connected"}
{"level":["error"],"timestamp":"30:11:2023|14:11:71","exception":false,"message":"Cannot populate path `,` because it is not in your schema. Set the `strictPopulate` option to false to override."}
{"level":["error"],"timestamp":"30:11:2023|14:11:71","exception":false,"message":"GET_ADMIN_AND_MEMBER"}
{"level":["info"],"timestamp":"30:11:2023|14:11:28","exception":false,"message":"MongoDB connected"}
{"level":["error"],"timestamp":"30:11:2023|14:11:20","exception":false,"message":"Cannot populate path `admin` because it is not in your schema. Set the `strictPopulate` option to false to override."}
{"level":["error"],"timestamp":"30:11:2023|14:11:20","exception":false,"message":"GET_ADMIN_AND_MEMBER"}
{"level":["error"],"timestamp":"30:11:2023|14:11:90","exception":false,"message":"Cannot populate path `admin` because it is not in your schema. Set the `strictPopulate` option to false to override."}
{"level":["error"],"timestamp":"30:11:2023|14:11:90","exception":false,"message":"GET_ADMIN_AND_MEMBER"}
{"level":["info"],"timestamp":"30:11:2023|14:11:76","exception":false,"message":"MongoDB connected"}
{"level":["info"],"timestamp":"30:11:2023|14:11:04","exception":false,"message":"MongoDB connected"}
{"level":["info"],"timestamp":"30:11:2023|15:11:90","exception":false,"message":"MongoDB connected"}
{"level":["info"],"timestamp":"30:11:2023|15:11:75","exception":false,"message":"MongoDB connected"}
{"level":["info"],"timestamp":"30:11:2023|15:11:10","exception":false,"message":"MongoDB connected"}
{"level":["info"],"timestamp":"30:11:2023|15:11:58","exception":false,"message":"MongoDB connected"}
{"level":["info"],"timestamp":"30:11:2023|15:11:32","exception":false,"message":"MongoDB connected"}
{"level":["info"],"timestamp":"30:11:2023|15:11:14","exception":false,"message":"MongoDB connected"}
{"level":["info"],"timestamp":"30:11:2023|15:11:59","exception":false,"message":"MongoDB connected"}
{"level":["info"],"timestamp":"30:11:2023|15:11:95","exception":false,"message":"MongoDB connected"}
{"level":["error"],"timestamp":"30:11:2023|15:11:46","exception":false,"message":"Cannot populate path `,` because it is not in your schema. Set the `strictPopulate` option to false to override."}
{"level":["error"],"timestamp":"30:11:2023|15:11:46","exception":false,"message":"GET_ADMIN_AND_MEMBER"}
{"level":["info"],"timestamp":"30:11:2023|15:11:26","exception":false,"message":"MongoDB connected"}
{"level":["info"],"timestamp":"30:11:2023|15:11:33","exception":false,"message":"MongoDB connected"}
{"level":["info"],"timestamp":"30:11:2023|15:11:59","exception":false,"message":"MongoDB connected"}
{"level":["info"],"timestamp":"30:11:2023|15:11:54","exception":false,"message":"MongoDB connected"}
{"level":["info"],"timestamp":"30:11:2023|15:11:83","exception":false,"message":"MongoDB connected"}
{"level":["info"],"timestamp":"30:11:2023|15:11:19","exception":false,"message":"MongoDB connected"}
{"level":["info"],"timestamp":"30:11:2023|15:11:59","exception":false,"message":"MongoDB connected"}
{"level":["info"],"timestamp":"30:11:2023|15:11:18","exception":false,"message":"MongoDB connected"}
{"level":["info"],"timestamp":"30:11:2023|15:11:40","exception":false,"message":"MongoDB connected"}
{"level":["info"],"timestamp":"30:11:2023|15:11:25","exception":false,"message":"MongoDB connected"}
{"level":["info"],"timestamp":"30:11:2023|15:11:76","exception":false,"message":"MongoDB connected"}
{"level":["info"],"timestamp":"30:11:2023|15:11:03","exception":false,"message":"MongoDB connected"}
{"level":["info"],"timestamp":"30:11:2023|15:11:57","exception":false,"message":"MongoDB connected"}
{"level":["info"],"timestamp":"30:11:2023|15:11:73","exception":false,"message":"MongoDB connected"}
{"level":["info"],"timestamp":"30:11:2023|15:11:05","exception":false,"message":"MongoDB connected"}
{"level":["info"],"timestamp":"30:11:2023|15:11:21","exception":false,"message":"MongoDB connected"}
{"level":["info"],"timestamp":"30:11:2023|15:11:08","exception":false,"message":"MongoDB connected"}
{"level":["info"],"timestamp":"30:11:2023|15:11:06","exception":false,"message":"MongoDB connected"}
{"level":["info"],"timestamp":"30:11:2023|15:11:49","exception":false,"message":"MongoDB connected"}
{"level":["info"],"timestamp":"30:11:2023|15:11:11","exception":false,"message":"MongoDB connected"}
{"level":["info"],"timestamp":"30:11:2023|15:11:81","exception":false,"message":"MongoDB connected"}
{"level":["info"],"timestamp":"30:11:2023|15:11:75","exception":false,"message":"MongoDB connected"}
{"level":["info"],"timestamp":"30:11:2023|15:11:51","exception":false,"message":"MongoDB connected"}
{"level":["info"],"timestamp":"30:11:2023|15:11:05","exception":false,"message":"MongoDB connected"}
{"level":["info"],"timestamp":"30:11:2023|15:11:33","exception":false,"message":"MongoDB connected"}
{"level":["info"],"timestamp":"30:11:2023|15:11:70","exception":false,"message":"MongoDB connected"}
{"level":["info"],"timestamp":"30:11:2023|15:11:43","exception":false,"message":"MongoDB connected"}
{"level":["info"],"timestamp":"30:11:2023|15:11:79","exception":false,"message":"MongoDB connected"}
{"level":["info"],"timestamp":"30:11:2023|15:11:85","exception":false,"message":"MongoDB connected"}
{"level":["info"],"timestamp":"30:11:2023|15:11:59","exception":false,"message":"MongoDB connected"}
{"level":["info"],"timestamp":"30:11:2023|15:11:85","exception":false,"message":"MongoDB connected"}
{"level":["info"],"timestamp":"30:11:2023|15:11:98","exception":false,"message":"MongoDB connected"}
{"level":["info"],"timestamp":"30:11:2023|15:11:74","exception":false,"message":"MongoDB connected"}
{"level":["info"],"timestamp":"30:11:2023|15:11:04","exception":false,"message":"MongoDB connected"}
{"level":["info"],"timestamp":"30:11:2023|15:11:44","exception":false,"message":"MongoDB connected"}
{"level":["info"],"timestamp":"30:11:2023|15:11:97","exception":false,"message":"MongoDB connected"}
{"level":["info"],"timestamp":"30:11:2023|15:11:69","exception":false,"message":"MongoDB connected"}
{"level":["info"],"timestamp":"30:11:2023|15:11:02","exception":false,"message":"MongoDB connected"}
{"level":["info"],"timestamp":"30:11:2023|15:11:88","exception":false,"message":"MongoDB connected"}
{"level":["info"],"timestamp":"30:11:2023|15:11:60","exception":false,"message":"MongoDB connected"}
{"level":["info"],"timestamp":"30:11:2023|15:11:95","exception":false,"message":"MongoDB connected"}
{"level":["info"],"timestamp":"30:11:2023|15:11:13","exception":false,"message":"MongoDB connected"}
{"level":["info"],"timestamp":"30:11:2023|15:11:81","exception":false,"message":"MongoDB connected"}
{"level":["info"],"timestamp":"30:11:2023|15:11:49","exception":false,"message":"MongoDB connected"}
{"level":["info"],"timestamp":"30:11:2023|15:11:38","exception":false,"message":"MongoDB connected"}
{"level":["info"],"timestamp":"30:11:2023|15:11:52","exception":false,"message":"MongoDB connected"}
{"level":["info"],"timestamp":"30:11:2023|15:11:37","exception":false,"message":"MongoDB connected"}
{"level":["info"],"timestamp":"30:11:2023|15:11:13","exception":false,"message":"MongoDB connected"}
{"level":["info"],"timestamp":"30:11:2023|15:11:17","exception":false,"message":"MongoDB connected"}
{"level":["info"],"timestamp":"30:11:2023|15:11:20","exception":false,"message":"MongoDB connected"}
{"level":["info"],"timestamp":"30:11:2023|15:11:37","exception":false,"message":"MongoDB connected"}
{"level":["info"],"timestamp":"30:11:2023|15:11:95","exception":false,"message":"MongoDB connected"}
{"level":["info"],"timestamp":"30:11:2023|15:11:97","exception":false,"message":"MongoDB connected"}
{"level":["info"],"timestamp":"30:11:2023|15:11:77","exception":false,"message":"MongoDB connected"}
{"level":["info"],"timestamp":"30:11:2023|15:11:59","exception":false,"message":"MongoDB connected"}
{"level":["info"],"timestamp":"30:11:2023|15:11:29","exception":false,"message":"MongoDB connected"}
{"level":["info"],"timestamp":"30:11:2023|15:11:31","exception":false,"message":"MongoDB connected"}
{"level":["info"],"timestamp":"30:11:2023|16:11:77","exception":false,"message":"MongoDB connected"}
{"level":["error"],"timestamp":"30:11:2023|16:11:26","exception":false,"message":"b is not defined"}
{"level":["error"],"timestamp":"30:11:2023|16:11:26","exception":false,"message":"GET_ADMIN_AND_MEMBER"}
{"level":["info"],"timestamp":"30:11:2023|16:11:18","exception":false,"message":"MongoDB connected"}
{"level":["info"],"timestamp":"30:11:2023|16:11:34","exception":false,"message":"MongoDB connected"}
{"level":["info"],"timestamp":"30:11:2023|16:11:96","exception":false,"message":"MongoDB connected"}
{"level":["error"],"timestamp":"30:11:2023|16:11:65","exception":false,"message":"b is not defined"}
{"level":["error"],"timestamp":"30:11:2023|16:11:65","exception":false,"message":"GET_ADMIN_AND_MEMBER"}
{"level":["info"],"timestamp":"30:11:2023|16:11:25","exception":false,"message":"MongoDB connected"}
{"level":["error"],"timestamp":"30:11:2023|16:11:68","exception":false,"message":"b is not defined"}
{"level":["error"],"timestamp":"30:11:2023|16:11:68","exception":false,"message":"GET_ADMIN_AND_MEMBER"}
{"level":["info"],"timestamp":"30:11:2023|16:11:46","exception":false,"message":"MongoDB connected"}
{"level":["info"],"timestamp":"30:11:2023|16:11:03","exception":false,"message":"MongoDB connected"}
{"level":["info"],"timestamp":"30:11:2023|16:11:59","exception":false,"message":"MongoDB connected"}
{"level":["info"],"timestamp":"30:11:2023|16:11:59","exception":false,"message":"MongoDB connected"}
{"level":["info"],"timestamp":"30:11:2023|16:11:98","exception":false,"message":"MongoDB connected"}
{"level":["info"],"timestamp":"30:11:2023|16:11:28","exception":false,"message":"MongoDB connected"}
{"level":["info"],"timestamp":"30:11:2023|16:11:24","exception":false,"message":"MongoDB connected"}
{"level":["info"],"timestamp":"30:11:2023|16:11:01","exception":false,"message":"MongoDB connected"}
{"level":["info"],"timestamp":"30:11:2023|16:11:09","exception":false,"message":"MongoDB connected"}
{"level":["error"],"timestamp":"30:11:2023|16:11:43","exception":false,"message":"json is not defined"}
{"level":["error"],"timestamp":"30:11:2023|16:11:43","exception":false,"message":"GET_ADMIN_AND_MEMBER"}
{"level":["info"],"timestamp":"30:11:2023|16:11:47","exception":false,"message":"MongoDB connected"}
{"level":["error"],"timestamp":"30:11:2023|16:11:69","exception":false,"message":"json.parse is not a function"}
{"level":["error"],"timestamp":"30:11:2023|16:11:69","exception":false,"message":"GET_ADMIN_AND_MEMBER"}
{"level":["info"],"timestamp":"30:11:2023|16:11:51","exception":false,"message":"MongoDB connected"}
{"level":["info"],"timestamp":"30:11:2023|16:11:09","exception":false,"message":"MongoDB connected"}
{"level":["info"],"timestamp":"30:11:2023|16:11:90","exception":false,"message":"MongoDB connected"}
{"level":["info"],"timestamp":"30:11:2023|16:11:61","exception":false,"message":"MongoDB connected"}
{"level":["info"],"timestamp":"30:11:2023|16:11:38","exception":false,"message":"MongoDB connected"}
{"level":["info"],"timestamp":"30:11:2023|16:11:48","exception":false,"message":"MongoDB connected"}
{"level":["info"],"timestamp":"30:11:2023|16:11:83","exception":false,"message":"MongoDB connected"}
{"level":["info"],"timestamp":"30:11:2023|16:11:74","exception":false,"message":"MongoDB connected"}
{"level":["info"],"timestamp":"30:11:2023|16:11:29","exception":false,"message":"MongoDB connected"}
{"level":["info"],"timestamp":"30:11:2023|16:11:86","exception":false,"message":"MongoDB connected"}
{"level":["info"],"timestamp":"30:11:2023|16:11:73","exception":false,"message":"MongoDB connected"}
{"level":["info"],"timestamp":"30:11:2023|16:11:69","exception":false,"message":"MongoDB connected"}
{"level":["info"],"timestamp":"30:11:2023|16:11:22","exception":false,"message":"MongoDB connected"}
{"level":["info"],"timestamp":"30:11:2023|16:11:31","exception":false,"message":"MongoDB connected"}
{"level":["info"],"timestamp":"30:11:2023|16:11:06","exception":false,"message":"MongoDB connected"}
{"level":["info"],"timestamp":"30:11:2023|16:11:61","exception":false,"message":"MongoDB connected"}
{"level":["info"],"timestamp":"30:11:2023|16:11:24","exception":false,"message":"MongoDB connected"}
{"level":["info"],"timestamp":"30:11:2023|16:11:32","exception":false,"message":"MongoDB connected"}
{"level":["info"],"timestamp":"30:11:2023|16:11:59","exception":false,"message":"MongoDB connected"}
{"level":["info"],"timestamp":"30:11:2023|16:11:11","exception":false,"message":"MongoDB connected"}
{"level":["info"],"timestamp":"30:11:2023|16:11:90","exception":false,"message":"MongoDB connected"}
{"level":["info"],"timestamp":"30:11:2023|16:11:95","exception":false,"message":"MongoDB connected"}
{"level":["info"],"timestamp":"30:11:2023|16:11:33","exception":false,"message":"MongoDB connected"}
{"level":["info"],"timestamp":"30:11:2023|16:11:79","exception":false,"message":"MongoDB connected"}
{"level":["info"],"timestamp":"30:11:2023|16:11:10","exception":false,"message":"MongoDB connected"}
{"level":["info"],"timestamp":"30:11:2023|16:11:38","exception":false,"message":"MongoDB connected"}
{"level":["info"],"timestamp":"30:11:2023|16:11:66","exception":false,"message":"MongoDB connected"}
{"level":["info"],"timestamp":"30:11:2023|16:11:08","exception":false,"message":"MongoDB connected"}
{"level":["info"],"timestamp":"30:11:2023|16:11:51","exception":false,"message":"MongoDB connected"}
{"level":["info"],"timestamp":"30:11:2023|16:11:10","exception":false,"message":"MongoDB connected"}
{"level":["info"],"timestamp":"30:11:2023|16:11:10","exception":false,"message":"MongoDB connected"}
{"level":["info"],"timestamp":"30:11:2023|16:11:24","exception":false,"message":"MongoDB connected"}
{"level":["info"],"timestamp":"30:11:2023|16:11:70","exception":false,"message":"MongoDB connected"}
{"level":["info"],"timestamp":"30:11:2023|16:11:29","exception":false,"message":"MongoDB connected"}
{"level":["info"],"timestamp":"30:11:2023|16:11:36","exception":false,"message":"::1 - - [30/Nov/2023:11:01:22 +0000] \"GET /project/user-name-email HTTP/1.1\" 404 - \"-\" \"PostmanRuntime/7.35.0\"\n"}
{"level":["info"],"timestamp":"30:11:2023|16:11:92","exception":false,"message":"MongoDB connected"}
{"level":["info"],"timestamp":"30:11:2023|16:11:09","exception":false,"message":"MongoDB connected"}
{"level":["info"],"timestamp":"30:11:2023|16:11:53","exception":false,"message":"MongoDB connected"}
{"level":["info"],"timestamp":"30:11:2023|16:11:83","exception":false,"message":"MongoDB connected"}
{"level":["info"],"timestamp":"30:11:2023|16:11:57","exception":false,"message":"MongoDB connected"}
{"level":["info"],"timestamp":"30:11:2023|16:11:64","exception":false,"message":"MongoDB connected"}
{"level":["error"],"timestamp":"30:11:2023|16:11:65","exception":false,"message":"IS_USER"}
{"level":["info"],"timestamp":"30:11:2023|16:11:72","exception":false,"message":"MongoDB connected"}
{"level":["info"],"timestamp":"30:11:2023|16:11:82","exception":false,"message":"::ffff:192.168.1.21 - - [30/Nov/2023:11:05:49 +0000] \"GET /project/member-admin-data/ HTTP/1.1\" 404 - \"http://localhost:8081/\" \"Mozilla/5.0 (Windows NT 10.0; Win64; x64) AppleWebKit/537.36 (KHTML, like Gecko) Chrome/119.0.0.0 Safari/537.36\"\n"}
{"level":["info"],"timestamp":"30:11:2023|16:11:50","exception":false,"message":"MongoDB connected"}
{"level":["info"],"timestamp":"30:11:2023|16:11:04","exception":false,"message":"MongoDB connected"}
{"level":["info"],"timestamp":"30:11:2023|16:11:87","exception":false,"message":"MongoDB connected"}
{"level":["info"],"timestamp":"30:11:2023|16:11:23","exception":false,"message":"MongoDB connected"}
{"level":["info"],"timestamp":"30:11:2023|16:11:06","exception":false,"message":"MongoDB connected"}
{"level":["info"],"timestamp":"30:11:2023|16:11:78","exception":false,"message":"MongoDB connected"}
{"level":["info"],"timestamp":"30:11:2023|16:11:53","exception":false,"message":"MongoDB connected"}
{"level":["info"],"timestamp":"30:11:2023|16:11:48","exception":false,"message":"MongoDB connected"}
{"level":["info"],"timestamp":"30:11:2023|16:11:24","exception":false,"message":"MongoDB connected"}
{"level":["info"],"timestamp":"30:11:2023|16:11:51","exception":false,"message":"MongoDB connected"}
{"level":["info"],"timestamp":"30:11:2023|16:11:46","exception":false,"message":"MongoDB connected"}
{"level":["info"],"timestamp":"30:11:2023|16:11:14","exception":false,"message":"MongoDB connected"}
{"level":["info"],"timestamp":"30:11:2023|16:11:22","exception":false,"message":"MongoDB connected"}
{"level":["info"],"timestamp":"30:11:2023|16:11:24","exception":false,"message":"MongoDB connected"}
{"level":["info"],"timestamp":"30:11:2023|16:11:89","exception":false,"message":"MongoDB connected"}
{"level":["error"],"timestamp":"30:11:2023|16:11:26","exception":false,"message":"Cannot read properties of undefined (reading '_id')"}
{"level":["error"],"timestamp":"30:11:2023|16:11:26","exception":false,"message":"GET_USER_ROLE"}
{"level":["info"],"timestamp":"30:11:2023|16:11:51","exception":false,"message":"MongoDB connected"}
{"level":["error"],"timestamp":"30:11:2023|16:11:10","exception":false,"message":"Cannot read properties of undefined (reading '_id')"}
{"level":["error"],"timestamp":"30:11:2023|16:11:10","exception":false,"message":"GET_USER_ROLE"}
{"level":["info"],"timestamp":"30:11:2023|16:11:86","exception":false,"message":"MongoDB connected"}
{"level":["info"],"timestamp":"30:11:2023|16:11:55","exception":false,"message":"MongoDB connected"}
{"level":["info"],"timestamp":"30:11:2023|16:11:72","exception":false,"message":"MongoDB connected"}
{"level":["info"],"timestamp":"30:11:2023|16:11:51","exception":false,"message":"MongoDB connected"}
{"level":["info"],"timestamp":"30:11:2023|16:11:40","exception":false,"message":"MongoDB connected"}
{"level":["info"],"timestamp":"30:11:2023|16:11:38","exception":false,"message":"MongoDB connected"}
{"level":["info"],"timestamp":"30:11:2023|16:11:47","exception":false,"message":"MongoDB connected"}
{"level":["info"],"timestamp":"30:11:2023|17:11:73","exception":false,"message":"MongoDB connected"}
{"level":["info"],"timestamp":"30:11:2023|17:11:36","exception":false,"message":"MongoDB connected"}
{"level":["info"],"timestamp":"30:11:2023|17:11:42","exception":false,"message":"MongoDB connected"}
{"level":["info"],"timestamp":"30:11:2023|17:11:82","exception":false,"message":"MongoDB connected"}
{"level":["info"],"timestamp":"30:11:2023|17:11:12","exception":false,"message":"MongoDB connected"}
{"level":["info"],"timestamp":"30:11:2023|17:11:16","exception":false,"message":"MongoDB connected"}
{"level":["error"],"timestamp":"30:11:2023|17:11:96","exception":true,"message":"uncaughtException: getMemberAndAdminData is not defined"}
{"level":["info"],"timestamp":"30:11:2023|17:11:99","exception":false,"message":"MongoDB connected"}
{"level":["info"],"timestamp":"30:11:2023|17:11:12","exception":false,"message":"MongoDB connected"}
{"level":["info"],"timestamp":"30:11:2023|17:11:40","exception":false,"message":"MongoDB connected"}
{"level":["info"],"timestamp":"30:11:2023|17:11:02","exception":false,"message":"MongoDB connected"}
{"level":["info"],"timestamp":"30:11:2023|17:11:44","exception":false,"message":"MongoDB connected"}
{"level":["info"],"timestamp":"30:11:2023|17:11:65","exception":false,"message":"MongoDB connected"}
{"level":["info"],"timestamp":"30:11:2023|17:11:08","exception":false,"message":"MongoDB connected"}
{"level":["info"],"timestamp":"30:11:2023|17:11:98","exception":false,"message":"MongoDB connected"}
{"level":["info"],"timestamp":"30:11:2023|17:11:21","exception":false,"message":"MongoDB connected"}
{"level":["info"],"timestamp":"30:11:2023|17:11:45","exception":false,"message":"MongoDB connected"}
{"level":["info"],"timestamp":"30:11:2023|17:11:23","exception":false,"message":"MongoDB connected"}
{"level":["info"],"timestamp":"30:11:2023|17:11:93","exception":false,"message":"MongoDB connected"}
{"level":["info"],"timestamp":"30:11:2023|17:11:67","exception":false,"message":"MongoDB connected"}
{"level":["info"],"timestamp":"30:11:2023|17:11:40","exception":false,"message":"MongoDB connected"}
{"level":["info"],"timestamp":"30:11:2023|17:11:10","exception":false,"message":"MongoDB connected"}
{"level":["info"],"timestamp":"30:11:2023|17:11:68","exception":false,"message":"MongoDB connected"}
{"level":["warn"],"timestamp":"30:11:2023|17:11:74","exception":false,"message":"MongoDB Disconnecting"}
{"level":["warn"],"timestamp":"30:11:2023|17:11:75","exception":false,"message":"MongoDB Disconnected"}
